0 info it worked if it ends with ok
1 verbose cli [ '/usr/bin/nodejs', '/usr/bin/npm', 'start' ]
2 info using npm@3.6.0
3 info using node@v5.7.0
4 verbose stack Error: ENOENT: no such file or directory, open '/home/jeremy/xos/views/package.json'
4 verbose stack     at Error (native)
5 verbose cwd /home/jeremy/xos/views
6 error Linux 4.2.0-19-generic
7 error argv "/usr/bin/nodejs" "/usr/bin/npm" "start"
8 error node v5.7.0
9 error npm  v3.6.0
10 error path /home/jeremy/xos/views/package.json
11 error code ENOENT
12 error errno -2
13 error syscall open
14 error enoent ENOENT: no such file or directory, open '/home/jeremy/xos/views/package.json'
15 error enoent ENOENT: no such file or directory, open '/home/jeremy/xos/views/package.json'
15 error enoent This is most likely not a problem with npm itself
15 error enoent and is related to npm not being able to find a file.
16 verbose exit [ -2, true ]
